[2020-05-13T23:58:38.049] [DEBUG] cheese - login => username:zs,password:123456
[2020-05-13T23:58:38.052] [DEBUG] cheese - zs
[2020-05-13T23:58:38.071] [DEBUG] cheese - null
[2020-05-13T23:58:38.074] [DEBUG] cheese - null
[2020-05-13T23:59:19.131] [DEBUG] cheese - login => username:admin,password:123456
[2020-05-13T23:59:19.131] [DEBUG] cheese - admin
[2020-05-13T23:59:19.143] [DEBUG] cheese - null
[2020-05-13T23:59:19.144] [DEBUG] cheese - null
[2020-05-16T01:41:26.698] [DEBUG] cheese - login => username:admin,password:123456
[2020-05-16T01:41:26.703] [DEBUG] cheese - admin
[2020-05-16T01:41:26.777] [DEBUG] cheese - null
[2020-05-16T01:41:26.778] [DEBUG] cheese - null
[2020-05-16T01:49:12.895] [DEBUG] cheese - login => username:admin,password:123456
[2020-05-16T01:49:12.895] [DEBUG] cheese - admin
[2020-05-16T01:49:12.901] [DEBUG] cheese - null
[2020-05-16T01:49:12.902] [DEBUG] cheese - null
[2020-05-16T01:58:10.980] [DEBUG] cheese - login => username:admin,password:123456
[2020-05-16T01:58:10.980] [DEBUG] cheese - admin
[2020-05-16T01:58:10.986] [DEBUG] cheese - null
[2020-05-16T01:58:10.986] [DEBUG] cheese - null
[2020-05-16T02:13:51.168] [DEBUG] cheese - login => username:admin,password:123456
[2020-05-16T02:13:51.169] [DEBUG] cheese - admin
[2020-05-16T02:13:51.172] [DEBUG] cheese - null
[2020-05-16T02:13:51.172] [DEBUG] cheese - null
[2020-05-16T02:19:22.096] [DEBUG] cheese - login => username:admin,password:123456
[2020-05-16T02:19:22.096] [DEBUG] cheese - admin
[2020-05-16T02:19:22.099] [DEBUG] cheese - null
[2020-05-16T02:19:22.100] [DEBUG] cheese - null
[2020-05-16T02:20:42.334] [DEBUG] cheese - login => username:admin,password:123456
[2020-05-16T02:20:42.334] [DEBUG] cheese - admin
[2020-05-16T02:20:42.336] [DEBUG] cheese - null
[2020-05-16T02:20:42.336] [DEBUG] cheese - null
[2020-05-16T13:37:00.485] [DEBUG] cheese - login => username:admin,password:123456
[2020-05-16T13:37:00.487] [DEBUG] cheese - admin
[2020-05-16T13:37:00.503] [DEBUG] cheese - null
[2020-05-16T13:37:00.504] [DEBUG] cheese - null
[2020-05-16T13:43:59.371] [DEBUG] cheese - login => username:admin2,password:123456
[2020-05-16T13:43:59.371] [DEBUG] cheese - admin2
[2020-05-16T13:43:59.374] [DEBUG] cheese - null
[2020-05-16T13:43:59.374] [DEBUG] cheese - null
[2020-05-16T13:44:55.818] [DEBUG] cheese - login => username:admin,password:123456
[2020-05-16T13:44:55.818] [DEBUG] cheese - admin
[2020-05-16T13:44:55.822] [DEBUG] cheese - null
[2020-05-16T13:44:55.822] [DEBUG] cheese - null
[2020-05-16T13:48:09.845] [DEBUG] cheese - login => username:admin,password:123456
[2020-05-16T13:48:09.845] [DEBUG] cheese - admin
[2020-05-16T13:48:09.849] [DEBUG] cheese - null
[2020-05-16T13:48:09.849] [DEBUG] cheese - null
[2020-05-16T13:56:13.574] [DEBUG] cheese - login => username:admin,password:123456
[2020-05-16T13:56:13.574] [DEBUG] cheese - admin
[2020-05-16T13:56:13.581] [DEBUG] cheese - null
[2020-05-16T13:56:13.582] [DEBUG] cheese - null
[2020-05-16T15:28:51.365] [DEBUG] cheese - login => username:admin,password:123456
[2020-05-16T15:28:51.365] [DEBUG] cheese - admin
[2020-05-16T15:28:51.369] [DEBUG] cheese - null
[2020-05-16T15:28:51.369] [DEBUG] cheese - null
[2020-05-16T15:30:05.298] [DEBUG] cheese - login => username:admin,password:123456
[2020-05-16T15:30:05.298] [DEBUG] cheese - admin
[2020-05-16T15:30:05.303] [DEBUG] cheese - null
[2020-05-16T15:30:05.303] [DEBUG] cheese - null
[2020-05-16T15:30:20.563] [DEBUG] cheese - login => username:admin,password:1234563
[2020-05-16T15:30:20.563] [DEBUG] cheese - admin
[2020-05-16T15:30:20.565] [DEBUG] cheese - null
[2020-05-16T15:30:20.566] [DEBUG] cheese - null
[2020-05-16T15:30:30.130] [DEBUG] cheese - login => username:admin,password:222222
[2020-05-16T15:30:30.130] [DEBUG] cheese - admin
[2020-05-16T15:30:30.132] [DEBUG] cheese - null
[2020-05-16T15:30:30.132] [DEBUG] cheese - null
[2020-05-16T15:31:12.785] [DEBUG] cheese - login => username:admin1,password:123456
[2020-05-16T15:31:12.786] [DEBUG] cheese - admin1
[2020-05-16T15:31:12.790] [DEBUG] cheese - null
[2020-05-16T15:31:12.790] [DEBUG] cheese - null
[2020-05-16T15:31:18.313] [DEBUG] cheese - login => username:admin1,password:1234561
[2020-05-16T15:31:18.313] [DEBUG] cheese - admin1
[2020-05-16T15:31:18.317] [DEBUG] cheese - null
[2020-05-16T15:31:18.317] [DEBUG] cheese - null
[2020-05-16T15:32:38.861] [DEBUG] cheese - login => username:admin,password:123456
[2020-05-16T15:32:38.861] [DEBUG] cheese - admin
[2020-05-16T15:32:38.866] [DEBUG] cheese - null
[2020-05-16T15:32:38.866] [DEBUG] cheese - null
[2020-05-16T15:36:33.199] [DEBUG] cheese - login => username:admin,password:123456
[2020-05-16T15:36:33.199] [DEBUG] cheese - admin
[2020-05-16T15:36:33.202] [DEBUG] cheese - null
[2020-05-16T15:36:33.202] [DEBUG] cheese - null
[2020-05-16T15:40:12.557] [DEBUG] cheese - login => username:admin,password:123456
[2020-05-16T15:40:12.557] [DEBUG] cheese - admin
[2020-05-16T15:40:12.562] [DEBUG] cheese - null
[2020-05-16T15:40:12.562] [DEBUG] cheese - null
[2020-05-16T15:40:55.112] [DEBUG] cheese - login => username:admin,password:123456
[2020-05-16T15:40:55.112] [DEBUG] cheese - admin
[2020-05-16T15:40:55.117] [DEBUG] cheese - null
[2020-05-16T15:40:55.117] [DEBUG] cheese - null
[2020-05-16T15:42:11.109] [DEBUG] cheese - login => username:admin,password:123456
[2020-05-16T15:42:11.109] [DEBUG] cheese - admin
[2020-05-16T15:42:11.113] [DEBUG] cheese - null
[2020-05-16T15:42:11.114] [DEBUG] cheese - null
[2020-05-16T15:43:42.386] [DEBUG] cheese - login => username:admin,password:123456
[2020-05-16T15:43:42.386] [DEBUG] cheese - admin
[2020-05-16T15:43:42.389] [DEBUG] cheese - null
[2020-05-16T15:43:42.389] [DEBUG] cheese - null
[2020-05-16T15:44:25.857] [DEBUG] cheese - login => username:admin,password:123456
[2020-05-16T15:44:25.857] [DEBUG] cheese - admin
[2020-05-16T15:44:25.862] [DEBUG] cheese - null
[2020-05-16T15:44:25.862] [DEBUG] cheese - null
[2020-05-16T15:45:08.211] [DEBUG] cheese - login => username:admin,password:123456
[2020-05-16T15:45:08.211] [DEBUG] cheese - admin
[2020-05-16T15:45:08.215] [DEBUG] cheese - null
[2020-05-16T15:45:08.215] [DEBUG] cheese - null
[2020-05-16T15:45:48.544] [DEBUG] cheese - login => username:admin,password:123456
[2020-05-16T15:45:48.544] [DEBUG] cheese - admin
[2020-05-16T15:45:48.548] [DEBUG] cheese - null
[2020-05-16T15:45:48.548] [DEBUG] cheese - null
[2020-05-16T15:46:19.427] [DEBUG] cheese - login => username:admin,password:123456
[2020-05-16T15:46:19.427] [DEBUG] cheese - admin
[2020-05-16T15:46:19.431] [DEBUG] cheese - null
[2020-05-16T15:46:19.431] [DEBUG] cheese - null
[2020-05-16T15:47:31.327] [DEBUG] cheese - login => username:admin,password:123456
[2020-05-16T15:47:31.327] [DEBUG] cheese - admin
[2020-05-16T15:47:31.331] [DEBUG] cheese - null
[2020-05-16T15:47:31.331] [DEBUG] cheese - null
[2020-05-16T15:48:50.334] [DEBUG] cheese - login => username:admin,password:123456
[2020-05-16T15:48:50.334] [DEBUG] cheese - admin
[2020-05-16T15:48:50.338] [DEBUG] cheese - null
[2020-05-16T15:48:50.338] [DEBUG] cheese - null
[2020-05-16T15:49:36.678] [DEBUG] cheese - login => username:admin,password:123456
[2020-05-16T15:49:36.678] [DEBUG] cheese - admin
[2020-05-16T15:49:36.681] [DEBUG] cheese - null
[2020-05-16T15:49:36.681] [DEBUG] cheese - null
[2020-05-16T15:50:02.811] [DEBUG] cheese - login => username:admin,password:123456
[2020-05-16T15:50:02.811] [DEBUG] cheese - admin
[2020-05-16T15:50:02.815] [DEBUG] cheese - null
[2020-05-16T15:50:02.815] [DEBUG] cheese - null
[2020-05-16T16:07:18.569] [DEBUG] cheese - login => username:admin,password:123456
[2020-05-16T16:07:18.569] [DEBUG] cheese - admin
[2020-05-16T16:07:18.573] [DEBUG] cheese - null
[2020-05-16T16:07:18.573] [DEBUG] cheese - null
[2020-05-16T16:10:49.417] [DEBUG] cheese - login => username:admin,password:123456
[2020-05-16T16:10:49.417] [DEBUG] cheese - admin
[2020-05-16T16:10:49.421] [DEBUG] cheese - null
[2020-05-16T16:10:49.421] [DEBUG] cheese - null
[2020-05-16T17:23:39.157] [DEBUG] cheese - login => username:admin,password:123456
[2020-05-16T17:23:39.158] [DEBUG] cheese - admin
[2020-05-16T17:23:39.162] [DEBUG] cheese - null
[2020-05-16T17:23:39.162] [DEBUG] cheese - null
[2020-05-16T19:05:58.828] [DEBUG] cheese - login => username:admin,password:123456
[2020-05-16T19:05:58.832] [DEBUG] cheese - admin
[2020-05-16T19:05:58.855] [DEBUG] cheese - null
[2020-05-16T19:05:58.856] [DEBUG] cheese - null
[2020-05-16T19:06:23.628] [DEBUG] cheese - login => username:admin,password:123456
[2020-05-16T19:06:23.628] [DEBUG] cheese - admin
[2020-05-16T19:06:23.631] [DEBUG] cheese - null
[2020-05-16T19:06:23.631] [DEBUG] cheese - null
[2020-05-16T19:28:04.677] [DEBUG] cheese - login => username:admin,password:123456
[2020-05-16T19:28:04.677] [DEBUG] cheese - admin
[2020-05-16T19:28:04.679] [DEBUG] cheese - null
[2020-05-16T19:28:04.680] [DEBUG] cheese - null
[2020-05-16T20:59:41.746] [DEBUG] cheese - login => username:admin,password:123456
[2020-05-16T20:59:41.747] [DEBUG] cheese - admin
[2020-05-16T20:59:41.754] [DEBUG] cheese - null
[2020-05-16T20:59:41.754] [DEBUG] cheese - null
[2020-05-16T21:04:10.524] [DEBUG] cheese - login => username:admin,password:123456
[2020-05-16T21:04:10.524] [DEBUG] cheese - admin
[2020-05-16T21:04:10.528] [DEBUG] cheese - null
[2020-05-16T21:04:10.528] [DEBUG] cheese - null
[2020-05-16T21:12:34.325] [DEBUG] cheese - login => username:admin,password:123456
[2020-05-16T21:12:34.325] [DEBUG] cheese - admin
[2020-05-16T21:12:34.329] [DEBUG] cheese - null
[2020-05-16T21:12:34.329] [DEBUG] cheese - null
[2020-05-16T22:19:03.305] [DEBUG] cheese - login => username:admin,password:123456
[2020-05-16T22:19:03.306] [DEBUG] cheese - admin
[2020-05-16T22:19:03.310] [DEBUG] cheese - null
[2020-05-16T22:19:03.310] [DEBUG] cheese - null
[2020-05-16T22:22:27.978] [DEBUG] cheese - login => username:admin,password:123456
[2020-05-16T22:22:27.978] [DEBUG] cheese - admin
[2020-05-16T22:22:27.983] [DEBUG] cheese - null
[2020-05-16T22:22:27.983] [DEBUG] cheese - null
[2020-05-16T23:55:14.792] [DEBUG] cheese - login => username:admin,password:123456
[2020-05-16T23:55:14.793] [DEBUG] cheese - admin
[2020-05-16T23:55:14.801] [DEBUG] cheese - null
[2020-05-16T23:55:14.801] [DEBUG] cheese - null
[2020-05-17T01:34:49.482] [DEBUG] cheese - login => username:admin,password:123456
[2020-05-17T01:34:49.483] [DEBUG] cheese - admin
[2020-05-17T01:34:49.489] [DEBUG] cheese - null
[2020-05-17T01:34:49.490] [DEBUG] cheese - null
[2020-05-17T12:26:13.404] [DEBUG] cheese - login => username:admin,password:123456
[2020-05-17T12:26:13.408] [DEBUG] cheese - admin
[2020-05-17T12:26:13.421] [DEBUG] cheese - null
[2020-05-17T12:26:13.421] [DEBUG] cheese - null
[2020-05-17T12:40:40.699] [DEBUG] cheese - login => username:admin,password:123456
[2020-05-17T12:40:40.700] [DEBUG] cheese - admin
[2020-05-17T12:40:40.714] [DEBUG] cheese - null
[2020-05-17T12:40:40.714] [DEBUG] cheese - null
[2020-05-17T12:40:56.817] [DEBUG] cheese - login => username:admin,password:123456
[2020-05-17T12:40:56.817] [DEBUG] cheese - admin
[2020-05-17T12:40:56.823] [DEBUG] cheese - null
[2020-05-17T12:40:56.823] [DEBUG] cheese - null
[2020-05-18T20:07:44.912] [DEBUG] cheese - login => username:admin,password:123456
[2020-05-18T20:07:44.913] [DEBUG] cheese - admin
[2020-05-18T20:07:44.934] [DEBUG] cheese - null
[2020-05-18T20:07:44.935] [DEBUG] cheese - null
[2020-05-18T20:13:11.945] [DEBUG] cheese - login => username:admin,password:123456
[2020-05-18T20:13:11.946] [DEBUG] cheese - admin
[2020-05-18T20:13:11.948] [DEBUG] cheese - null
[2020-05-18T20:13:11.948] [DEBUG] cheese - null
